TN:
SF:src/components/Badges/Badge.css
FNF:0
FNH:0
LF:0
LH:0
BRF:0
BRH:0
end_of_record
TN:
SF:src/components/Badges/Badge.jsx
FN:54,(anonymous_0)
FNF:1
FNH:1
FNDA:20,(anonymous_0)
DA:6,3
DA:26,3
DA:54,3
DA:56,20
DA:60,20
DA:61,12
DA:62,3
DA:63,2
DA:64,1
DA:68,19
DA:74,20
DA:77,3
LF:12
LH:12
BRDA:54,0,0,20
BRDA:54,1,0,20
BRDA:54,2,0,20
BRDA:54,3,0,20
BRDA:54,4,0,20
BRDA:54,5,0,20
BRDA:56,6,0,18
BRDA:56,6,1,1
BRDA:60,7,0,1
BRDA:60,7,1,18
BRDA:60,8,0,12
BRDA:60,8,1,6
BRDA:61,9,0,3
BRDA:61,9,1,3
BRDA:62,10,0,2
BRDA:62,10,1,1
BRDA:70,11,0,18
BRDA:70,11,1,1
BRDA:70,12,0,18
BRDA:70,12,1,0
BRF:20
BRH:19
end_of_record
TN:
SF:src/components/Badges/statusToBadge.js
FN:7,statusToBadgeVariant
FNF:1
FNH:1
FNDA:19,statusToBadgeVariant
DA:8,19
DA:10,19
DA:11,9
DA:12,6
DA:13,5
DA:15,4
LF:6
LH:6
BRDA:8,0,0,2
BRDA:8,0,1,17
BRDA:10,1,0,10
BRDA:10,1,1,9
BRDA:11,2,0,3
BRDA:11,2,1,6
BRDA:12,3,0,1
BRDA:12,3,1,5
BRDA:13,4,0,1
BRDA:13,4,1,4
BRF:10
BRH:10
end_of_record
TN:
SF:src/components/Common/BackButton.jsx
FN:10,(anonymous_0)
FN:20,(anonymous_1)
FNF:2
FNH:2
FNDA:156,(anonymous_0)
FNDA:2,(anonymous_1)
DA:10,6
DA:11,156
DA:20,156
DA:21,2
DA:23,1
DA:24,1
DA:25,0
DA:26,0
DA:31,156
DA:33,156
DA:38,6
LF:11
LH:9
BRDA:10,0,0,156
BRDA:10,1,0,156
BRDA:10,2,0,156
BRDA:10,3,0,156
BRDA:21,4,0,1
BRDA:21,4,1,1
BRF:6
BRH:6
end_of_record
TN:
SF:src/components/Common/LoanListItem.jsx
FN:25,(anonymous_0)
FN:29,(anonymous_1)
FN:56,(anonymous_2)
FN:58,(anonymous_3)
FNF:4
FNH:4
FNDA:15,(anonymous_0)
FNDA:36,(anonymous_1)
FNDA:8,(anonymous_2)
FNDA:49,(anonymous_3)
DA:6,3
DA:19,3
DA:20,3
DA:25,3
DA:26,15
DA:30,36
DA:43,3
DA:56,3
DA:57,8
DA:59,49
DA:64,3
LF:11
LH:11
BRDA:30,0,0,29
BRDA:30,0,1,7
BRDA:33,1,0,15
BRDA:33,1,1,0
BRDA:59,2,0,8
BRDA:59,2,1,41
BRF:6
BRH:5
end_of_record
TN:
SF:src/components/Common/PaginationBar.css
FNF:0
FNH:0
LF:0
LH:0
BRF:0
BRH:0
end_of_record
TN:
SF:src/components/Common/PaginationBar.jsx
FN:13,(anonymous_0)
FN:32,(anonymous_1)
FN:61,(anonymous_2)
FN:71,(anonymous_3)
FN:72,(anonymous_4)
FN:74,(anonymous_5)
FN:75,(anonymous_6)
FNF:7
FNH:7
FNDA:116,(anonymous_0)
FNDA:4,(anonymous_1)
FNDA:1,(anonymous_2)
FNDA:1,(anonymous_3)
FNDA:1,(anonymous_4)
FNDA:1,(anonymous_5)
FNDA:1,(anonymous_6)
DA:13,4
DA:22,116
DA:23,116
DA:24,116
DA:25,116
DA:32,116
DA:33,4
DA:34,4
DA:35,4
DA:38,116
DA:61,1
DA:71,1
DA:72,1
DA:74,1
DA:75,1
DA:82,4
LF:16
LH:16
BRDA:19,0,0,116
BRDA:20,1,0,116
BRDA:22,2,0,116
BRDA:22,2,1,77
BRDA:22,3,0,116
BRDA:22,3,1,0
BRDA:23,4,0,116
BRDA:23,4,1,0
BRDA:24,5,0,77
BRDA:24,5,1,39
BRDA:33,6,0,0
BRDA:33,6,1,4
BRDA:50,7,0,116
BRDA:50,7,1,62
BRDA:52,8,0,39
BRDA:52,8,1,23
BRDA:56,9,0,116
BRDA:56,9,1,62
BRDA:61,10,0,1
BRDA:61,10,1,0
BRF:20
BRH:16
end_of_record
TN:
SF:src/components/Common/Tooltip.css
FNF:0
FNH:0
LF:0
LH:0
BRF:0
BRH:0
end_of_record
TN:
SF:src/components/Common/Tooltip.jsx
FN:7,(anonymous_0)
FN:22,(anonymous_1)
FN:32,(anonymous_2)
FN:50,(anonymous_3)
FN:71,(anonymous_4)
FN:77,(anonymous_5)
FN:92,(anonymous_6)
FN:94,(anonymous_7)
FN:94,(anonymous_8)
FNF:9
FNH:9
FNDA:7,(anonymous_0)
FNDA:7,(anonymous_1)
FNDA:7,(anonymous_2)
FNDA:5,(anonymous_3)
FNDA:171,(anonymous_4)
FNDA:7,(anonymous_5)
FNDA:1,(anonymous_6)
FNDA:3,(anonymous_7)
FNDA:3,(anonymous_8)
DA:5,3
DA:7,3
DA:8,7
DA:9,7
DA:10,7
DA:11,7
DA:12,7
DA:13,7
DA:14,7
DA:22,3
DA:23,7
DA:24,4
DA:25,3
DA:26,2
DA:27,0
DA:30,3
DA:32,3
DA:33,7
DA:34,7
DA:35,7
DA:36,7
DA:50,3
DA:51,5
DA:71,3
DA:72,171
DA:73,171
DA:74,171
DA:75,171
DA:77,171
DA:78,7
DA:79,7
DA:80,7
DA:81,7
DA:82,7
DA:83,7
DA:86,171
DA:92,1
DA:94,3
DA:110,3
DA:115,3
LF:40
LH:39
BRDA:23,0,0,3
BRDA:23,0,1,4
BRDA:24,1,0,1
BRDA:24,1,1,3
BRDA:25,2,0,1
BRDA:25,2,1,2
BRDA:26,3,0,2
BRDA:26,3,1,0
BRDA:34,4,0,4
BRDA:34,4,1,3
BRDA:50,5,0,5
BRDA:50,6,0,5
BRDA:53,7,0,5
BRDA:53,7,1,4
BRDA:71,8,0,171
BRDA:79,9,0,0
BRDA:79,9,1,7
BRDA:94,10,0,3
BRDA:94,10,1,0
BRDA:94,11,0,3
BRDA:94,11,1,1
BRDA:97,12,0,171
BRDA:97,12,1,9
BRDA:97,12,2,8
BRF:24
BRH:21
end_of_record
TN:
SF:src/components/Common/csvUtils.js
FN:6,(anonymous_0)
FN:16,(anonymous_1)
FN:17,(anonymous_2)
FN:18,(anonymous_3)
FN:18,(anonymous_4)
FN:28,(anonymous_5)
FNF:6
FNH:6
FNDA:19,(anonymous_0)
FNDA:4,(anonymous_1)
FNDA:6,(anonymous_2)
FNDA:5,(anonymous_3)
FNDA:8,(anonymous_4)
FNDA:1,(anonymous_5)
DA:6,1
DA:7,19
DA:8,19
DA:16,1
DA:17,6
DA:18,8
DA:19,4
DA:20,4
DA:28,1
DA:29,1
DA:30,1
DA:31,1
DA:32,1
DA:33,1
DA:34,1
DA:35,1
DA:36,1
DA:37,1
LF:18
LH:18
BRDA:7,0,0,2
BRDA:7,0,1,17
BRDA:16,1,0,4
BRDA:16,2,0,4
BRDA:20,3,0,3
BRDA:20,3,1,1
BRDA:28,4,0,1
BRDA:33,5,0,1
BRDA:33,5,1,0
BRF:9
BRH:8
end_of_record
TN:
SF:src/components/Loading/LoadingSpinner.css
FNF:0
FNH:0
LF:0
LH:0
BRF:0
BRH:0
end_of_record
TN:
SF:src/components/Loading/LoadingSpinner.jsx
FN:17,(anonymous_0)
FNF:1
FNH:1
FNDA:45,(anonymous_0)
DA:17,4
DA:23,45
DA:25,45
DA:26,2
DA:41,42
DA:54,4
LF:6
LH:6
BRDA:18,0,0,45
BRDA:19,1,0,45
BRDA:20,2,0,45
BRDA:21,3,0,45
BRDA:25,4,0,2
BRDA:25,4,1,43
BRDA:35,5,0,2
BRDA:35,5,1,2
BRDA:49,6,0,42
BRDA:49,6,1,41
BRF:10
BRH:10
end_of_record
TN:
SF:src/components/Reports/ReportClients.jsx
FN:9,(anonymous_0)
FN:25,(anonymous_1)
FN:28,(anonymous_2)
FN:30,(anonymous_3)
FNF:4
FNH:4
FNDA:8,(anonymous_0)
FNDA:10,(anonymous_1)
FNDA:9,(anonymous_2)
FNDA:8,(anonymous_3)
DA:9,1
DA:10,8
DA:11,8
DA:12,35
DA:13,7
DA:14,4
DA:15,4
DA:16,2
DA:17,1
DA:19,1
DA:25,1
DA:26,10
DA:28,10
DA:29,9
DA:30,9
DA:41,9
DA:42,9
DA:43,9
DA:46,10
DA:51,1
LF:20
LH:20
BRDA:12,0,0,28
BRDA:12,0,1,7
BRDA:12,1,0,35
BRDA:12,1,1,7
BRDA:12,1,2,7
BRDA:13,2,0,3
BRDA:13,2,1,4
BRDA:13,3,0,2
BRDA:13,3,1,1
BRDA:15,4,0,2
BRDA:15,4,1,2
BRDA:15,5,0,4
BRDA:15,5,1,3
BRDA:16,6,0,1
BRDA:16,6,1,1
BRDA:16,7,0,2
BRDA:16,7,1,2
BRDA:25,8,0,10
BRDA:31,9,0,8
BRDA:31,9,1,0
BRDA:32,10,0,8
BRDA:32,10,1,7
BRDA:33,11,0,8
BRDA:33,11,1,7
BRDA:34,12,0,8
BRDA:34,12,1,7
BRDA:35,13,0,8
BRDA:35,13,1,7
BRDA:36,14,0,8
BRDA:36,14,1,7
BRDA:36,14,2,7
BRDA:37,15,0,1
BRDA:37,15,1,7
BRDA:39,16,0,8
BRDA:39,16,1,7
BRDA:41,17,0,9
BRDA:41,17,1,8
BRF:37
BRH:36
end_of_record
TN:
SF:src/components/Reports/ReportKardex.jsx
FN:13,(anonymous_0)
FN:18,(anonymous_1)
FN:21,(anonymous_2)
FN:29,(anonymous_3)
FN:40,(anonymous_4)
FN:51,(anonymous_5)
FNF:6
FNH:6
FNDA:11,(anonymous_0)
FNDA:10,(anonymous_1)
FNDA:8,(anonymous_2)
FNDA:16,(anonymous_3)
FNDA:8,(anonymous_4)
FNDA:8,(anonymous_5)
DA:13,1
DA:14,11
DA:18,11
DA:19,10
DA:21,10
DA:22,8
DA:23,8
DA:24,8
DA:25,0
DA:29,10
DA:30,16
DA:31,7
DA:32,6
DA:33,6
DA:34,6
DA:35,2
DA:37,1
DA:40,10
DA:41,8
DA:42,4
DA:43,4
DA:44,4
DA:45,4
DA:46,2
DA:48,0
DA:51,10
DA:53,8
DA:55,8
DA:57,8
DA:59,8
DA:70,10
DA:71,10
DA:72,10
DA:73,10
DA:76,11
DA:83,1
LF:36
LH:34
BRDA:13,0,0,11
BRDA:30,1,0,9
BRDA:30,1,1,7
BRDA:31,2,0,6
BRDA:31,2,1,1
BRDA:32,3,0,6
BRDA:32,3,1,4
BRDA:32,3,2,2
BRDA:33,4,0,6
BRDA:33,4,1,3
BRDA:33,4,2,3
BRDA:33,4,3,3
BRDA:34,5,0,4
BRDA:34,5,1,2
BRDA:34,6,0,2
BRDA:34,6,1,2
BRDA:35,7,0,2
BRDA:35,7,1,1
BRDA:41,8,0,4
BRDA:41,8,1,4
BRDA:42,9,0,4
BRDA:42,9,1,0
BRDA:43,10,0,4
BRDA:43,10,1,3
BRDA:43,10,2,2
BRDA:44,11,0,4
BRDA:44,11,1,3
BRDA:44,11,2,2
BRDA:45,12,0,2
BRDA:45,12,1,2
BRDA:45,13,0,1
BRDA:45,13,1,1
BRDA:46,14,0,2
BRDA:46,14,1,1
BRDA:53,15,0,8
BRDA:53,15,1,7
BRDA:53,15,2,5
BRDA:55,16,0,8
BRDA:55,16,1,6
BRDA:57,17,0,8
BRDA:57,17,1,6
BRDA:57,17,2,6
BRDA:64,18,0,8
BRDA:64,18,1,6
BRDA:65,19,0,8
BRDA:65,19,1,7
BRDA:65,19,2,6
BRDA:65,19,3,5
BRDA:65,19,4,5
BRDA:66,20,0,8
BRDA:66,20,1,7
BRDA:66,20,2,6
BRDA:66,20,3,5
BRDA:66,20,4,5
BRDA:71,21,0,10
BRDA:71,21,1,9
BRF:56
BRH:55
end_of_record
TN:
SF:src/components/Reports/ReportLoans.jsx
FN:13,(anonymous_0)
FN:18,(anonymous_1)
FN:22,(anonymous_2)
FNF:3
FNH:3
FNDA:7,(anonymous_0)
FNDA:6,(anonymous_1)
FNDA:8,(anonymous_2)
DA:13,1
DA:14,7
DA:18,7
DA:19,6
DA:20,6
DA:22,6
DA:24,8
DA:25,8
DA:27,8
DA:28,5
DA:29,4
DA:30,1
DA:32,3
DA:35,1
DA:39,8
DA:49,6
DA:50,6
DA:51,6
DA:52,6
DA:55,7
DA:60,1
LF:21
LH:21
BRDA:13,0,0,7
BRDA:24,1,0,8
BRDA:24,1,1,5
BRDA:24,1,2,4
BRDA:27,2,0,5
BRDA:27,2,1,3
BRDA:28,3,0,4
BRDA:28,3,1,1
BRDA:29,4,0,1
BRDA:29,4,1,3
BRDA:30,5,0,1
BRDA:30,5,1,0
BRDA:32,6,0,3
BRDA:32,6,1,1
BRDA:32,6,2,0
BRDA:40,7,0,8
BRDA:40,7,1,0
BRDA:42,8,0,8
BRDA:42,8,1,0
BRDA:43,9,0,8
BRDA:43,9,1,0
BRDA:45,10,0,8
BRDA:45,10,1,0
BRDA:50,11,0,6
BRDA:50,11,1,5
BRF:25
BRH:19
end_of_record
TN:
SF:src/components/Returns/DebtPaymentModal.jsx
FN:6,(anonymous_0)
FN:12,(anonymous_1)
FN:16,(anonymous_2)
FN:23,(anonymous_3)
FN:38,(anonymous_4)
FN:42,(anonymous_5)
FN:71,(anonymous_6)
FN:74,(anonymous_7)
FN:77,(anonymous_8)
FN:108,(anonymous_9)
FNF:10
FNH:9
FNDA:30,(anonymous_0)
FNDA:9,(anonymous_1)
FNDA:8,(anonymous_2)
FNDA:6,(anonymous_3)
FNDA:8,(anonymous_4)
FNDA:2,(anonymous_5)
FNDA:1,(anonymous_6)
FNDA:27,(anonymous_7)
FNDA:10,(anonymous_8)
FNDA:0,(anonymous_9)
DA:6,1
DA:7,30
DA:8,30
DA:9,30
DA:10,30
DA:12,30
DA:13,9
DA:14,8
DA:15,8
DA:16,8
DA:17,8
DA:19,8
DA:20,8
DA:21,8
DA:23,8
DA:24,6
DA:25,6
DA:27,8
DA:29,0
DA:30,0
DA:31,0
DA:32,0
DA:33,0
DA:35,8
DA:38,8
DA:42,30
DA:43,2
DA:44,2
DA:45,2
DA:46,2
DA:47,2
DA:48,2
DA:49,2
DA:50,2
DA:51,1
DA:52,1
DA:53,2
DA:55,1
DA:56,1
DA:57,1
DA:58,1
DA:59,0
DA:60,0
DA:61,2
DA:64,30
DA:66,27
DA:71,1
DA:74,27
DA:78,10
DA:79,10
DA:80,10
DA:81,10
DA:82,2
DA:84,10
DA:85,10
DA:108,0
DA:120,1
LF:57
LH:49
BRDA:13,0,0,1
BRDA:13,0,1,8
BRDA:13,1,0,9
BRDA:13,1,1,8
BRDA:20,2,0,0
BRDA:20,2,1,8
BRDA:21,3,0,8
BRDA:21,3,1,0
BRDA:24,4,0,6
BRDA:24,4,1,1
BRDA:24,4,2,0
BRDA:29,5,0,0
BRDA:29,5,1,0
BRDA:35,6,0,8
BRDA:35,6,1,0
BRDA:43,7,0,0
BRDA:43,7,1,2
BRDA:48,8,0,0
BRDA:48,8,1,2
BRDA:55,9,0,1
BRDA:55,9,1,0
BRDA:58,10,0,1
BRDA:58,10,1,0
BRDA:58,11,0,1
BRDA:58,11,1,0
BRDA:59,12,0,0
BRDA:59,12,1,0
BRDA:64,13,0,1
BRDA:64,13,1,29
BRDA:74,14,0,8
BRDA:74,14,1,19
BRDA:74,15,0,10
BRDA:74,15,1,9
BRDA:78,16,0,10
BRDA:78,16,1,4
BRDA:78,16,2,0
BRDA:78,16,3,0
BRDA:78,16,4,0
BRDA:79,17,0,10
BRDA:79,17,1,8
BRDA:79,17,2,8
BRDA:81,18,0,2
BRDA:81,18,1,8
BRDA:82,19,0,1
BRDA:82,19,1,1
BRDA:84,20,0,10
BRDA:84,20,1,0
BRDA:84,21,0,10
BRDA:84,21,1,1
BRDA:84,21,2,0
BRDA:89,22,0,2
BRDA:89,22,1,8
BRDA:106,23,0,9
BRDA:106,23,1,0
BRDA:109,24,0,2
BRDA:109,24,1,7
BRF:56
BRH:37
end_of_record
TN:
SF:src/components/Stock/ModalAddStockTool.css
FNF:0
FNH:0
LF:0
LH:0
BRF:0
BRH:0
end_of_record
TN:
SF:src/components/Stock/ModalEditTool.jsx
FN:10,(anonymous_0)
FN:19,(anonymous_1)
FN:25,(anonymous_2)
FN:27,(anonymous_3)
FN:30,(anonymous_4)
FN:39,(anonymous_5)
FN:45,(anonymous_6)
FN:60,(anonymous_7)
FN:76,(anonymous_8)
FN:124,(anonymous_9)
FN:132,(anonymous_10)
FN:149,(anonymous_11)
FN:149,(anonymous_12)
FN:157,(anonymous_13)
FN:157,(anonymous_14)
FN:161,(anonymous_15)
FN:176,(anonymous_16)
FN:189,(anonymous_17)
FN:202,(anonymous_18)
FN:218,(anonymous_19)
FNF:20
FNH:13
FNDA:36,(anonymous_0)
FNDA:0,(anonymous_1)
FNDA:11,(anonymous_2)
FNDA:10,(anonymous_3)
FNDA:20,(anonymous_4)
FNDA:11,(anonymous_5)
FNDA:10,(anonymous_6)
FNDA:2,(anonymous_7)
FNDA:2,(anonymous_8)
FNDA:1,(anonymous_9)
FNDA:0,(anonymous_10)
FNDA:1,(anonymous_11)
FNDA:1,(anonymous_12)
FNDA:0,(anonymous_13)
FNDA:0,(anonymous_14)
FNDA:20,(anonymous_15)
FNDA:0,(anonymous_16)
FNDA:0,(anonymous_17)
FNDA:0,(anonymous_18)
FNDA:1,(anonymous_19)
DA:10,1
DA:11,36
DA:12,36
DA:13,36
DA:14,36
DA:15,36
DA:16,36
DA:17,36
DA:19,36
DA:20,0
DA:21,0
DA:23,36
DA:25,36
DA:26,11
DA:27,10
DA:28,10
DA:29,10
DA:30,20
DA:32,0
DA:35,10
DA:39,36
DA:40,11
DA:41,10
DA:46,10
DA:47,0
DA:48,0
DA:52,10
DA:53,10
DA:57,36
DA:60,32
DA:61,2
DA:66,2
DA:67,6
DA:68,6
DA:69,6
DA:70,0
DA:73,2
DA:76,32
DA:77,2
DA:78,0
DA:79,0
DA:81,2
DA:82,2
DA:83,0
DA:84,0
DA:87,2
DA:88,2
DA:89,2
DA:90,2
DA:91,2
DA:93,2
DA:94,2
DA:95,2
DA:97,2
DA:105,2
DA:106,2
DA:107,2
DA:109,2
DA:110,2
DA:114,1
DA:115,1
DA:117,1
DA:118,1
DA:120,2
DA:124,32
DA:125,1
DA:126,0
DA:127,0
DA:128,0
DA:130,1
DA:131,1
DA:132,1
DA:133,0
DA:135,1
DA:138,32
DA:149,1
DA:157,0
DA:162,20
DA:176,0
DA:189,0
DA:202,0
DA:218,1
DA:254,1
LF:83
LH:65
BRDA:26,0,0,10
BRDA:26,0,1,1
BRDA:40,1,0,10
BRDA:40,1,1,1
BRDA:42,2,0,10
BRDA:42,2,1,0
BRDA:42,2,2,0
BRDA:43,3,0,10
BRDA:43,3,1,0
BRDA:43,4,0,9
BRDA:43,4,1,1
BRDA:44,5,0,10
BRDA:44,5,1,0
BRDA:46,6,0,10
BRDA:46,6,1,0
BRDA:47,7,0,0
BRDA:47,7,1,0
BRDA:50,8,0,10
BRDA:50,8,1,0
BRDA:57,9,0,3
BRDA:57,9,1,33
BRDA:57,10,0,36
BRDA:57,10,1,33
BRDA:67,11,0,0
BRDA:67,11,1,6
BRDA:67,12,0,6
BRDA:67,12,1,6
BRDA:67,12,2,6
BRDA:69,13,0,0
BRDA:69,13,1,6
BRDA:69,14,0,6
BRDA:69,14,1,6
BRDA:69,14,2,6
BRDA:77,15,0,0
BRDA:77,15,1,2
BRDA:77,16,0,2
BRDA:77,16,1,2
BRDA:82,17,0,0
BRDA:82,17,1,2
BRDA:89,18,0,2
BRDA:89,18,1,0
BRDA:90,19,0,2
BRDA:90,19,1,0
BRDA:91,20,0,2
BRDA:91,20,1,0
BRDA:95,21,0,0
BRDA:95,21,1,2
BRDA:99,22,0,2
BRDA:99,22,1,0
BRDA:107,23,0,0
BRDA:107,23,1,2
BRDA:109,24,0,2
BRDA:109,24,1,0
BRDA:114,25,0,1
BRDA:114,25,1,0
BRDA:125,26,0,0
BRDA:125,26,1,1
BRDA:210,27,0,0
BRDA:210,27,1,32
BRDA:218,28,0,1
BRDA:218,28,1,0
BRDA:223,29,0,2
BRDA:223,29,1,30
BRDA:229,30,0,36
BRDA:229,30,1,0
BRDA:243,31,0,4
BRDA:243,31,1,28
BRF:67
BRH:43
end_of_record
TN:
SF:src/components/Tools/ToolCarousel.css
FNF:0
FNH:0
LF:0
LH:0
BRF:0
BRH:0
end_of_record
TN:
SF:src/components/Tools/ToolCarousel.jsx
FN:14,(anonymous_0)
FN:26,(anonymous_1)
FN:28,(anonymous_2)
FN:32,(anonymous_3)
FN:34,(anonymous_4)
FN:38,(anonymous_5)
FN:44,(anonymous_6)
FN:45,(anonymous_7)
FN:55,(anonymous_8)
FN:61,(anonymous_9)
FN:81,(anonymous_10)
FN:84,(anonymous_11)
FN:85,(anonymous_12)
FN:88,(anonymous_13)
FN:94,(anonymous_14)
FN:98,(anonymous_15)
FN:99,(anonymous_16)
FN:101,(anonymous_17)
FN:135,(anonymous_18)
FN:136,(anonymous_19)
FN:139,(anonymous_20)
FN:155,(anonymous_21)
FN:155,(anonymous_22)
FN:159,(anonymous_23)
FNF:24
FNH:24
FNDA:27,(anonymous_0)
FNDA:1,(anonymous_1)
FNDA:1,(anonymous_2)
FNDA:1,(anonymous_3)
FNDA:1,(anonymous_4)
FNDA:1,(anonymous_5)
FNDA:9,(anonymous_6)
FNDA:10,(anonymous_7)
FNDA:9,(anonymous_8)
FNDA:19,(anonymous_9)
FNDA:9,(anonymous_10)
FNDA:1,(anonymous_11)
FNDA:1,(anonymous_12)
FNDA:9,(anonymous_13)
FNDA:17,(anonymous_14)
FNDA:5,(anonymous_15)
FNDA:5,(anonymous_16)
FNDA:3,(anonymous_17)
FNDA:64,(anonymous_18)
FNDA:188,(anonymous_19)
FNDA:188,(anonymous_20)
FNDA:64,(anonymous_21)
FNDA:64,(anonymous_22)
FNDA:1,(anonymous_23)
DA:14,1
DA:22,27
DA:23,27
DA:26,27
DA:27,1
DA:28,1
DA:32,27
DA:33,1
DA:34,1
DA:38,27
DA:39,1
DA:40,1
DA:44,27
DA:45,9
DA:46,10
DA:47,10
DA:48,8
DA:49,2
DA:50,2
DA:51,0
DA:53,9
DA:54,9
DA:55,9
DA:58,27
DA:61,27
DA:62,19
DA:66,27
DA:67,27
DA:70,27
DA:71,27
DA:72,64
DA:73,64
DA:77,25
DA:78,25
DA:79,25
DA:81,25
DA:82,9
DA:83,9
DA:84,9
DA:85,9
DA:86,9
DA:87,9
DA:88,9
DA:89,9
DA:90,9
DA:94,25
DA:95,17
DA:96,4
DA:97,3
DA:98,3
DA:99,5
DA:101,3
DA:104,25
DA:136,188
DA:137,64
DA:140,188
DA:155,64
DA:156,64
DA:159,1
DA:168,1
LF:60
LH:59
BRDA:15,0,0,27
BRDA:16,1,0,27
BRDA:17,2,0,27
BRDA:18,3,0,27
BRDA:19,4,0,27
BRDA:20,5,0,27
BRDA:27,6,0,0
BRDA:27,6,1,1
BRDA:33,7,0,0
BRDA:33,7,1,1
BRDA:39,8,0,0
BRDA:39,8,1,1
BRDA:47,9,0,0
BRDA:47,9,1,10
BRDA:47,10,0,8
BRDA:47,10,1,2
BRDA:48,11,0,0
BRDA:48,11,1,2
BRDA:49,12,0,2
BRDA:49,12,1,0
BRDA:58,13,0,27
BRDA:58,13,1,2
BRDA:62,14,0,0
BRDA:62,14,1,19
BRDA:83,15,0,0
BRDA:83,15,1,9
BRDA:95,16,0,13
BRDA:95,16,1,4
BRDA:96,17,0,1
BRDA:96,17,1,3
BRDA:97,18,0,0
BRDA:97,18,1,3
BRDA:111,19,0,2
BRDA:111,19,1,23
BRDA:136,20,0,64
BRDA:136,20,1,2
BRDA:140,21,0,188
BRDA:140,21,1,0
BRDA:158,22,0,25
BRDA:158,22,1,39
BRF:40
BRH:30
end_of_record
TN:
SF:src/hooks/useDragAndDrop.js
FN:9,(anonymous_0)
FN:13,(anonymous_1)
FN:19,(anonymous_2)
FN:25,(anonymous_3)
FN:32,(anonymous_4)
FN:39,(anonymous_5)
FN:45,(anonymous_6)
FNF:7
FNH:4
FNDA:8,(anonymous_0)
FNDA:0,(anonymous_1)
FNDA:0,(anonymous_2)
FNDA:2,(anonymous_3)
FNDA:0,(anonymous_4)
FNDA:8,(anonymous_5)
FNDA:3,(anonymous_6)
DA:9,1
DA:10,8
DA:11,8
DA:13,8
DA:14,0
DA:15,0
DA:16,0
DA:19,8
DA:20,0
DA:21,0
DA:22,0
DA:25,8
DA:26,2
DA:27,2
DA:28,2
DA:29,2
DA:30,2
DA:31,1
DA:32,1
DA:33,0
DA:35,1
DA:39,8
DA:40,8
DA:41,8
DA:42,3
DA:43,3
DA:44,3
DA:45,3
DA:46,3
DA:47,3
DA:48,3
DA:52,8
LF:32
LH:25
BRDA:9,0,0,8
BRDA:30,1,0,1
BRDA:30,1,1,1
BRDA:41,2,0,5
BRDA:41,2,1,3
BRF:5
BRH:5
end_of_record
TN:
SF:src/pages/KardexPage.jsx
FN:14,(anonymous_0)
FN:19,(anonymous_1)
FN:34,(anonymous_2)
FN:48,(anonymous_3)
FN:80,(anonymous_4)
FN:85,(anonymous_5)
FN:94,(anonymous_6)
FN:102,(anonymous_7)
FN:111,(anonymous_8)
FN:122,(anonymous_9)
FN:134,(anonymous_10)
FN:214,(anonymous_11)
FN:219,(anonymous_12)
FN:234,(anonymous_13)
FN:275,(anonymous_14)
FN:311,(anonymous_15)
FN:312,(anonymous_16)
FN:332,(anonymous_17)
FN:350,(anonymous_18)
FN:351,(anonymous_19)
FNF:20
FNH:16
FNDA:136,(anonymous_0)
FNDA:6,(anonymous_1)
FNDA:69,(anonymous_2)
FNDA:21,(anonymous_3)
FNDA:18,(anonymous_4)
FNDA:12,(anonymous_5)
FNDA:3,(anonymous_6)
FNDA:3,(anonymous_7)
FNDA:24,(anonymous_8)
FNDA:12,(anonymous_9)
FNDA:11,(anonymous_10)
FNDA:2,(anonymous_11)
FNDA:1,(anonymous_12)
FNDA:1,(anonymous_13)
FNDA:1,(anonymous_14)
FNDA:0,(anonymous_15)
FNDA:0,(anonymous_16)
FNDA:10,(anonymous_17)
FNDA:0,(anonymous_18)
FNDA:0,(anonymous_19)
DA:14,1
DA:15,136
DA:19,6
DA:26,1
DA:34,1
DA:35,69
DA:36,69
DA:37,69
DA:38,69
DA:39,69
DA:40,69
DA:41,69
DA:42,69
DA:43,69
DA:44,69
DA:45,69
DA:46,69
DA:48,69
DA:49,21
DA:50,21
DA:51,21
DA:52,21
DA:53,21
DA:54,21
DA:55,21
DA:56,21
DA:58,21
DA:59,21
DA:60,21
DA:61,21
DA:63,21
DA:64,20
DA:66,20
DA:67,21
DA:68,21
DA:70,1
DA:71,1
DA:72,1
DA:73,1
DA:74,1
DA:76,21
DA:80,69
DA:81,18
DA:85,69
DA:86,12
DA:87,12
DA:88,12
DA:89,1
DA:94,69
DA:95,3
DA:96,3
DA:98,1
DA:102,69
DA:103,3
DA:104,3
DA:106,2
DA:111,69
DA:112,24
DA:113,13
DA:114,5
DA:115,5
DA:116,5
DA:117,1
DA:119,8
DA:122,69
DA:123,12
DA:124,10
DA:125,8
DA:126,8
DA:127,8
DA:128,1
DA:130,2
DA:134,69
DA:136,11
DA:140,11
DA:141,0
DA:142,0
DA:143,0
DA:145,11
DA:146,0
DA:147,0
DA:148,0
DA:151,11
DA:153,2
DA:156,2
DA:157,11
DA:158,11
DA:159,11
DA:160,11
DA:161,11
DA:162,11
DA:163,11
DA:166,11
DA:179,69
DA:180,69
DA:181,69
DA:183,69
DA:185,69
DA:214,2
DA:219,1
DA:235,1
DA:236,1
DA:237,1
DA:238,1
DA:239,1
DA:240,1
DA:276,1
DA:277,1
DA:278,1
DA:279,1
DA:311,0
DA:312,0
DA:333,10
DA:350,0
DA:351,0
LF:115
LH:105
BRDA:48,0,0,21
BRDA:52,1,0,2
BRDA:52,1,1,19
BRDA:53,2,0,1
BRDA:53,2,1,20
BRDA:54,3,0,1
BRDA:54,3,1,20
BRDA:55,4,0,2
BRDA:55,4,1,19
BRDA:56,5,0,0
BRDA:56,5,1,21
BRDA:59,6,0,1
BRDA:59,6,1,20
BRDA:60,7,0,0
BRDA:60,7,1,21
BRDA:61,8,0,0
BRDA:61,8,1,21
BRDA:66,9,0,1
BRDA:66,9,1,19
BRDA:66,10,0,19
BRDA:66,10,1,0
BRDA:67,11,0,1
BRDA:67,11,1,19
BRDA:67,12,0,19
BRDA:67,12,1,13
BRDA:68,13,0,1
BRDA:68,13,1,19
BRDA:68,14,0,19
BRDA:68,14,1,0
BRDA:96,15,0,1
BRDA:96,15,1,2
BRDA:96,16,0,3
BRDA:96,16,1,3
BRDA:96,16,2,1
BRDA:104,17,0,2
BRDA:104,17,1,1
BRDA:104,18,0,3
BRDA:104,18,1,3
BRDA:104,18,2,2
BRDA:112,19,0,11
BRDA:112,19,1,13
BRDA:113,20,0,5
BRDA:113,20,1,8
BRDA:114,21,0,5
BRDA:114,21,1,2
BRDA:114,21,2,1
BRDA:115,22,0,5
BRDA:115,22,1,3
BRDA:115,22,2,1
BRDA:115,22,3,1
BRDA:116,23,0,4
BRDA:116,23,1,1
BRDA:116,24,0,3
BRDA:116,24,1,1
BRDA:117,25,0,1
BRDA:117,25,1,0
BRDA:123,26,0,2
BRDA:123,26,1,10
BRDA:124,27,0,8
BRDA:124,27,1,2
BRDA:125,28,0,8
BRDA:125,28,1,1
BRDA:125,28,2,1
BRDA:126,29,0,8
BRDA:126,29,1,1
BRDA:126,29,2,0
BRDA:127,30,0,7
BRDA:127,30,1,1
BRDA:127,31,0,7
BRDA:127,31,1,0
BRDA:128,32,0,1
BRDA:128,32,1,0
BRDA:136,33,0,0
BRDA:136,33,1,11
BRDA:136,34,0,11
BRDA:136,34,1,0
BRDA:136,35,0,0
BRDA:136,35,1,0
BRDA:140,36,0,0
BRDA:140,36,1,11
BRDA:142,37,0,0
BRDA:142,37,1,0
BRDA:143,38,0,0
BRDA:143,38,1,0
BRDA:143,39,0,0
BRDA:143,39,1,0
BRDA:145,40,0,0
BRDA:145,40,1,11
BRDA:147,41,0,0
BRDA:147,41,1,0
BRDA:148,42,0,0
BRDA:148,42,1,0
BRDA:148,43,0,0
BRDA:148,43,1,0
BRDA:151,44,0,9
BRDA:151,44,1,2
BRDA:156,45,0,2
BRDA:156,45,1,1
BRDA:156,45,2,0
BRDA:157,46,0,11
BRDA:157,46,1,2
BRDA:158,47,0,11
BRDA:158,47,1,0
BRDA:159,48,0,11
BRDA:159,48,1,0
BRDA:159,48,2,0
BRDA:160,49,0,11
BRDA:160,49,1,0
BRDA:161,50,0,11
BRDA:161,50,1,0
BRDA:161,50,2,0
BRDA:161,50,3,0
BRDA:161,50,4,0
BRDA:162,51,0,11
BRDA:162,51,1,0
BRDA:162,51,2,0
BRDA:162,51,3,0
BRDA:162,51,4,0
BRDA:163,52,0,2
BRDA:163,52,1,0
BRDA:167,53,0,11
BRDA:167,53,1,1
BRDA:167,53,2,1
BRDA:167,53,3,1
BRDA:167,53,4,1
BRDA:167,53,5,1
BRDA:167,53,6,1
BRDA:167,53,7,1
BRDA:257,54,0,69
BRDA:257,54,1,63
BRDA:262,55,0,69
BRDA:262,55,1,62
BRDA:302,56,0,24
BRDA:302,56,1,44
BRDA:306,57,0,44
BRDA:306,57,1,1
BRDA:329,58,0,36
BRDA:329,58,1,8
BRDA:335,59,0,10
BRDA:335,59,1,6
BRDA:335,59,2,2
BRDA:336,60,0,10
BRDA:336,60,1,3
BRDA:337,61,0,10
BRDA:337,61,1,7
BRDA:338,62,0,10
BRDA:338,62,1,0
BRDA:339,63,0,10
BRDA:339,63,1,2
BRDA:339,63,2,1
BRDA:339,63,3,1
BRDA:339,63,4,0
BRDA:340,64,0,10
BRDA:340,64,1,2
BRDA:340,64,2,1
BRDA:340,64,3,1
BRDA:340,64,4,0
BRF:157
BRH:113
end_of_record
TN:
SF:src/pages/LoanSummaryReadOnly.jsx
FN:11,(anonymous_0)
FN:21,(anonymous_1)
FN:28,(anonymous_2)
FN:29,(anonymous_3)
FN:32,(anonymous_4)
FN:33,(anonymous_5)
FN:34,(anonymous_6)
FN:38,(anonymous_7)
FN:39,(anonymous_8)
FN:42,(anonymous_9)
FN:46,(anonymous_10)
FN:52,(anonymous_11)
FN:70,(anonymous_12)
FN:73,(anonymous_13)
FN:93,(anonymous_14)
FN:99,(anonymous_15)
FNF:16
FNH:14
FNDA:27,(anonymous_0)
FNDA:9,(anonymous_1)
FNDA:7,(anonymous_2)
FNDA:1,(anonymous_3)
FNDA:8,(anonymous_4)
FNDA:0,(anonymous_5)
FNDA:8,(anonymous_6)
FNDA:8,(anonymous_7)
FNDA:0,(anonymous_8)
FNDA:1,(anonymous_9)
FNDA:11,(anonymous_10)
FNDA:2,(anonymous_11)
FNDA:2,(anonymous_12)
FNDA:2,(anonymous_13)
FNDA:11,(anonymous_14)
FNDA:11,(anonymous_15)
DA:11,1
DA:12,27
DA:13,27
DA:14,27
DA:15,27
DA:16,27
DA:17,27
DA:18,27
DA:19,27
DA:21,27
DA:22,9
DA:23,9
DA:24,9
DA:27,9
DA:28,7
DA:29,1
DA:31,9
DA:32,8
DA:33,0
DA:34,8
DA:37,9
DA:38,8
DA:39,0
DA:42,27
DA:43,1
DA:46,27
DA:47,11
DA:48,11
DA:49,11
DA:52,27
DA:53,2
DA:54,2
DA:55,2
DA:56,2
DA:57,2
DA:58,2
DA:59,1
DA:60,1
DA:61,1
DA:63,1
DA:64,1
DA:66,2
DA:70,27
DA:71,2
DA:72,2
DA:73,2
DA:74,2
DA:75,2
DA:76,2
DA:77,2
DA:78,2
DA:93,27
DA:94,11
DA:99,11
DA:152,27
LF:55
LH:53
BRDA:24,0,0,0
BRDA:24,0,1,9
BRDA:32,1,0,8
BRDA:32,1,1,1
BRDA:38,2,0,8
BRDA:38,2,1,6
BRDA:47,3,0,0
BRDA:47,3,1,11
BRDA:48,4,0,11
BRDA:48,4,1,0
BRDA:49,5,0,11
BRDA:49,5,1,9
BRDA:53,6,0,0
BRDA:53,6,1,2
BRDA:63,7,0,1
BRDA:63,7,1,0
BRDA:64,8,0,1
BRDA:64,8,1,0
BRDA:71,9,0,2
BRDA:71,9,1,1
BRDA:71,9,2,0
BRDA:73,10,0,0
BRDA:73,10,1,2
BRDA:73,11,0,1
BRDA:73,11,1,1
BRDA:74,12,0,2
BRDA:74,12,1,1
BRDA:75,13,0,2
BRDA:75,13,1,1
BRDA:75,13,2,0
BRDA:76,14,0,2
BRDA:76,14,1,0
BRDA:76,14,2,0
BRDA:99,15,0,0
BRDA:99,15,1,11
BRDA:99,16,0,10
BRDA:99,16,1,1
BRDA:99,17,0,10
BRDA:99,17,1,9
BRDA:99,18,0,1
BRDA:99,18,1,0
BRDA:99,18,2,0
BRDA:101,19,0,11
BRDA:101,19,1,9
BRDA:102,20,0,11
BRDA:102,20,1,1
BRDA:114,21,0,11
BRDA:114,21,1,0
BRDA:117,22,0,11
BRDA:117,22,1,8
BRDA:125,23,0,3
BRDA:125,23,1,5
BRDA:137,24,0,9
BRDA:137,24,1,2
BRDA:144,25,0,2
BRDA:144,25,1,0
BRDA:159,26,0,16
BRDA:159,26,1,11
BRDA:166,27,0,27
BRDA:166,27,1,1
BRDA:167,28,0,27
BRDA:167,28,1,2
BRDA:168,29,0,14
BRDA:168,29,1,13
BRDA:170,30,0,11
BRDA:170,30,1,2
BRF:66
BRH:50
end_of_record
TN:
SF:src/pages/Loans.jsx
FN:13,(anonymous_0)
FN:26,(anonymous_1)
FN:54,(anonymous_2)
FN:59,(anonymous_3)
FN:63,(anonymous_4)
FN:68,(anonymous_5)
FN:71,(anonymous_6)
FN:74,(anonymous_7)
FN:106,(anonymous_8)
FN:111,(anonymous_9)
FN:149,(anonymous_10)
FN:150,(anonymous_11)
FN:163,(anonymous_12)
FN:169,(anonymous_13)
FN:170,(anonymous_14)
FN:171,(anonymous_15)
FN:172,(anonymous_16)
FN:174,(anonymous_17)
FN:185,(anonymous_18)
FN:186,(anonymous_19)
FNF:20
FNH:14
FNDA:16,(anonymous_0)
FNDA:7,(anonymous_1)
FNDA:7,(anonymous_2)
FNDA:0,(anonymous_3)
FNDA:1,(anonymous_4)
FNDA:7,(anonymous_5)
FNDA:14,(anonymous_6)
FNDA:2,(anonymous_7)
FNDA:1,(anonymous_8)
FNDA:0,(anonymous_9)
FNDA:0,(anonymous_10)
FNDA:0,(anonymous_11)
FNDA:10,(anonymous_12)
FNDA:7,(anonymous_13)
FNDA:7,(anonymous_14)
FNDA:7,(anonymous_15)
FNDA:7,(anonymous_16)
FNDA:1,(anonymous_17)
FNDA:0,(anonymous_18)
FNDA:0,(anonymous_19)
DA:13,1
DA:14,16
DA:15,16
DA:16,16
DA:17,16
DA:18,16
DA:19,16
DA:22,16
DA:23,16
DA:24,16
DA:26,16
DA:27,7
DA:28,7
DA:29,7
DA:30,7
DA:32,7
DA:33,7
DA:34,0
DA:35,0
DA:38,7
DA:39,5
DA:42,5
DA:43,7
DA:45,1
DA:46,1
DA:47,1
DA:48,1
DA:50,6
DA:54,16
DA:55,7
DA:59,16
DA:60,0
DA:63,16
DA:65,1
DA:68,16
DA:71,16
DA:72,14
DA:73,1
DA:74,1
DA:75,2
DA:76,2
DA:77,2
DA:81,16
DA:106,1
DA:112,0
DA:113,0
DA:114,0
DA:149,0
DA:150,0
DA:164,10
DA:169,7
DA:170,7
DA:171,7
DA:172,7
DA:174,1
DA:185,0
DA:186,0
LF:57
LH:47
BRDA:33,0,0,0
BRDA:33,0,1,7
BRDA:42,1,0,5
BRDA:42,1,1,0
BRDA:43,2,0,7
BRDA:43,2,1,1
BRDA:45,3,0,1
BRDA:45,3,1,1
BRDA:72,4,0,13
BRDA:72,4,1,1
BRDA:75,5,0,2
BRDA:75,5,1,0
BRDA:76,6,0,2
BRDA:76,6,1,0
BRDA:76,6,2,0
BRDA:77,7,0,2
BRDA:77,7,1,2
BRDA:141,8,0,16
BRDA:141,8,1,1
BRDA:143,9,0,7
BRDA:143,9,1,9
BRDA:155,10,0,2
BRDA:155,10,1,7
BRDA:169,11,0,7
BRDA:169,11,1,1
BRDA:169,11,2,0
BRF:26
BRH:20
end_of_record
TN:
SF:src/pages/Login.jsx
FN:9,(anonymous_0)
FN:25,(anonymous_1)
FN:31,(anonymous_2)
FN:39,(anonymous_3)
FN:49,(anonymous_4)
FN:73,(anonymous_5)
FN:83,(anonymous_6)
FN:89,(anonymous_7)
FNF:8
FNH:7
FNDA:3,(anonymous_0)
FNDA:3,(anonymous_1)
FNDA:36,(anonymous_2)
FNDA:6,(anonymous_3)
FNDA:0,(anonymous_4)
FNDA:7,(anonymous_5)
FNDA:7,(anonymous_6)
FNDA:1,(anonymous_7)
DA:9,1
DA:10,3
DA:11,3
DA:12,2
DA:13,2
DA:14,1
DA:15,1
DA:16,1
DA:17,1
DA:19,3
DA:20,2
DA:25,1
DA:26,3
DA:27,2
DA:28,1
DA:31,1
DA:32,36
DA:33,36
DA:34,36
DA:35,36
DA:36,36
DA:37,36
DA:39,36
DA:40,6
DA:41,6
DA:42,6
DA:43,6
DA:44,6
DA:45,3
DA:46,3
DA:47,6
DA:48,6
DA:49,6
DA:51,3
DA:52,3
DA:54,6
DA:58,36
DA:73,7
DA:83,7
DA:89,1
LF:40
LH:40
BRDA:10,0,0,0
BRDA:10,0,1,3
BRDA:11,1,0,2
BRDA:11,1,1,1
BRDA:13,2,0,1
BRDA:13,2,1,1
BRDA:14,3,0,1
BRDA:14,3,1,0
BRDA:16,4,0,1
BRDA:16,4,1,0
BRDA:19,5,0,2
BRDA:19,5,1,1
BRDA:26,6,0,1
BRDA:26,6,1,2
BRDA:27,7,0,1
BRDA:27,7,1,1
BRDA:46,8,0,3
BRDA:46,8,1,1
BRDA:46,8,2,1
BRDA:88,9,0,6
BRDA:88,9,1,30
BRDA:93,10,0,36
BRDA:93,10,1,3
BRF:23
BRH:20
end_of_record
TN:
SF:src/pages/OrdersCreateClient.jsx
FN:11,(anonymous_0)
FN:18,(anonymous_1)
FN:20,(anonymous_2)
FN:28,(anonymous_3)
FN:34,(anonymous_4)
FN:50,(anonymous_5)
FN:54,(anonymous_6)
FN:68,(anonymous_7)
FN:71,(anonymous_8)
FN:96,(anonymous_9)
FN:104,(anonymous_10)
FN:114,(anonymous_11)
FN:123,(anonymous_12)
FN:133,(anonymous_13)
FN:158,(anonymous_14)
FN:209,(anonymous_15)
FN:209,(anonymous_16)
FN:224,(anonymous_17)
FN:243,(anonymous_18)
FN:266,(anonymous_19)
FN:297,(anonymous_20)
FN:327,(anonymous_21)
FNF:22
FNH:19
FNDA:0,(anonymous_0)
FNDA:45,(anonymous_1)
FNDA:45,(anonymous_2)
FNDA:0,(anonymous_3)
FNDA:45,(anonymous_4)
FNDA:1,(anonymous_5)
FNDA:4,(anonymous_6)
FNDA:1,(anonymous_7)
FNDA:1,(anonymous_8)
FNDA:16,(anonymous_9)
FNDA:5,(anonymous_10)
FNDA:63,(anonymous_11)
FNDA:32,(anonymous_12)
FNDA:2,(anonymous_13)
FNDA:1,(anonymous_14)
FNDA:3,(anonymous_15)
FNDA:3,(anonymous_16)
FNDA:2,(anonymous_17)
FNDA:1,(anonymous_18)
FNDA:0,(anonymous_19)
FNDA:29,(anonymous_20)
FNDA:1,(anonymous_21)
DA:11,1
DA:12,0
DA:13,0
DA:14,0
DA:15,0
DA:18,1
DA:19,45
DA:20,45
DA:22,0
DA:25,45
DA:26,0
DA:27,0
DA:28,0
DA:31,0
DA:34,1
DA:35,45
DA:36,45
DA:37,45
DA:38,45
DA:39,45
DA:40,45
DA:41,45
DA:42,45
DA:45,45
DA:46,45
DA:47,45
DA:48,45
DA:50,45
DA:51,1
DA:54,45
DA:56,4
DA:57,1
DA:62,1
DA:65,3
DA:68,45
DA:69,1
DA:71,1
DA:72,1
DA:73,1
DA:75,1
DA:76,1
DA:77,1
DA:78,1
DA:80,1
DA:81,1
DA:82,1
DA:83,0
DA:86,1
DA:88,0
DA:89,0
DA:91,1
DA:96,45
DA:98,16
DA:99,16
DA:100,16
DA:101,0
DA:104,45
DA:105,5
DA:106,5
DA:107,5
DA:108,5
DA:109,5
DA:110,0
DA:114,45
DA:115,63
DA:116,63
DA:117,63
DA:118,63
DA:119,63
DA:123,45
DA:124,32
DA:125,32
DA:126,32
DA:127,32
DA:128,32
DA:129,32
DA:133,45
DA:134,2
DA:135,2
DA:138,2
DA:139,1
DA:140,1
DA:142,1
DA:145,1
DA:146,1
DA:147,1
DA:148,1
DA:149,1
DA:150,1
DA:151,1
DA:152,1
DA:153,1
DA:158,45
DA:159,1
DA:162,1
DA:164,0
DA:165,0
DA:166,0
DA:167,0
DA:168,0
DA:172,1
DA:173,1
DA:174,1
DA:175,1
DA:176,1
DA:177,1
DA:178,1
DA:179,1
DA:180,1
DA:182,0
DA:186,45
DA:209,3
DA:225,2
DA:227,2
DA:237,1
DA:238,1
DA:241,2
DA:243,2
DA:244,2
DA:245,2
DA:247,2
DA:248,2
DA:249,2
DA:250,0
DA:251,1
DA:252,1
DA:255,1
DA:260,1
DA:261,1
DA:262,1
DA:263,1
DA:266,0
DA:298,29
DA:299,29
DA:300,29
DA:301,29
DA:302,29
DA:303,29
DA:329,1
DA:330,1
DA:331,1
DA:332,1
DA:333,1
DA:334,1
DA:335,0
LF:145
LH:122
BRDA:19,0,0,45
BRDA:19,0,1,0
BRDA:22,1,0,0
BRDA:22,1,1,0
BRDA:24,2,0,0
BRDA:24,2,1,0
BRDA:25,3,0,0
BRDA:25,3,1,45
BRDA:27,4,0,0
BRDA:27,4,1,0
BRDA:27,5,0,0
BRDA:27,5,1,0
BRDA:56,6,0,1
BRDA:56,6,1,3
BRDA:69,7,0,0
BRDA:69,7,1,1
BRDA:88,8,0,0
BRDA:88,8,1,0
BRDA:88,8,2,0
BRDA:105,9,0,0
BRDA:105,9,1,5
BRDA:105,10,0,5
BRDA:105,10,1,5
BRDA:138,11,0,1
BRDA:138,11,1,1
BRDA:145,12,0,1
BRDA:145,12,1,0
BRDA:162,13,0,0
BRDA:162,13,1,1
BRDA:172,14,0,1
BRDA:172,14,1,0
BRDA:216,15,0,45
BRDA:216,15,1,4
BRDA:235,16,0,2
BRDA:235,16,1,0
BRDA:238,17,0,1
BRDA:238,17,1,0
BRDA:238,18,0,0
BRDA:238,18,1,0
BRDA:255,19,0,1
BRDA:255,19,1,0
BRDA:255,19,2,0
BRDA:255,19,3,0
BRDA:297,20,0,29
BRDA:297,20,1,16
BRDA:309,21,0,29
BRDA:309,21,1,16
BRDA:318,22,0,5
BRDA:318,22,1,40
BRDA:323,23,0,5
BRDA:323,23,1,4
BRDA:324,24,0,5
BRDA:324,24,1,4
BRDA:337,25,0,5
BRDA:337,25,1,5
BRDA:337,25,2,5
BRDA:337,26,0,0
BRDA:337,26,1,5
BRDA:346,27,0,40
BRDA:346,27,1,0
BRDA:346,27,2,0
BRDA:346,28,0,0
BRDA:346,28,1,40
BRF:63
BRH:34
end_of_record
TN:
SF:src/pages/ResumeLoan.jsx
FN:8,(anonymous_0)
FN:17,(anonymous_1)
FN:32,(anonymous_2)
FN:38,(anonymous_3)
FN:45,(anonymous_4)
FN:48,(anonymous_5)
FN:65,(anonymous_6)
FN:77,(anonymous_7)
FN:79,(anonymous_8)
FN:82,(anonymous_9)
FN:128,(anonymous_10)
FN:149,(anonymous_11)
FN:198,(anonymous_12)
FN:208,(anonymous_13)
FN:217,(anonymous_14)
FN:237,(anonymous_15)
FN:258,(anonymous_16)
FNF:17
FNH:13
FNDA:27,(anonymous_0)
FNDA:31,(anonymous_1)
FNDA:11,(anonymous_2)
FNDA:0,(anonymous_3)
FNDA:1,(anonymous_4)
FNDA:10,(anonymous_5)
FNDA:2,(anonymous_6)
FNDA:17,(anonymous_7)
FNDA:18,(anonymous_8)
FNDA:4,(anonymous_9)
FNDA:1,(anonymous_10)
FNDA:2,(anonymous_11)
FNDA:0,(anonymous_12)
FNDA:0,(anonymous_13)
FNDA:0,(anonymous_14)
FNDA:18,(anonymous_15)
FNDA:17,(anonymous_16)
DA:8,1
DA:9,27
DA:10,27
DA:11,27
DA:12,27
DA:13,27
DA:14,27
DA:15,27
DA:17,27
DA:18,31
DA:19,21
DA:20,21
DA:21,21
DA:22,21
DA:23,21
DA:24,0
DA:29,27
DA:32,27
DA:33,11
DA:34,1
DA:35,0
DA:36,0
DA:38,1
DA:39,0
DA:40,0
DA:41,0
DA:42,0
DA:45,1
DA:48,27
DA:49,10
DA:50,10
DA:51,10
DA:52,9
DA:53,9
DA:56,9
DA:57,9
DA:59,9
DA:60,8
DA:61,8
DA:64,1
DA:65,2
DA:66,1
DA:67,1
DA:68,1
DA:69,1
DA:73,0
DA:77,27
DA:78,17
DA:79,18
DA:82,27
DA:83,4
DA:84,0
DA:88,0
DA:90,4
DA:91,0
DA:95,0
DA:99,4
DA:100,4
DA:101,4
DA:102,4
DA:103,4
DA:104,0
DA:108,0
DA:112,4
DA:113,0
DA:117,0
DA:120,4
DA:121,4
DA:123,4
DA:124,1
DA:125,4
DA:128,1
DA:131,1
DA:138,1
DA:139,1
DA:141,1
DA:142,0
DA:147,1
DA:148,1
DA:149,4
DA:151,4
DA:152,0
DA:156,1
DA:159,1
DA:160,1
DA:161,1
DA:162,1
DA:163,1
DA:164,1
DA:166,1
DA:167,1
DA:170,3
DA:171,3
DA:174,3
DA:177,3
DA:178,1
DA:179,2
DA:180,1
DA:181,1
DA:182,0
DA:183,1
DA:184,0
DA:185,1
DA:186,1
DA:189,3
DA:191,4
DA:195,27
DA:198,0
DA:205,17
DA:208,0
DA:219,0
DA:238,18
DA:259,17
LF:113
LH:90
BRDA:18,0,0,10
BRDA:18,0,1,21
BRDA:18,1,0,31
BRDA:18,1,1,21
BRDA:33,2,0,10
BRDA:33,2,1,1
BRDA:34,3,0,0
BRDA:34,3,1,1
BRDA:41,4,0,0
BRDA:41,4,1,0
BRDA:51,5,0,9
BRDA:51,5,1,1
BRDA:59,6,0,8
BRDA:59,6,1,1
BRDA:59,7,0,9
BRDA:59,7,1,8
BRDA:78,8,0,0
BRDA:78,8,1,17
BRDA:78,9,0,17
BRDA:78,9,1,17
BRDA:79,10,0,18
BRDA:79,10,1,1
BRDA:79,11,0,18
BRDA:79,11,1,0
BRDA:83,12,0,0
BRDA:83,12,1,4
BRDA:83,13,0,4
BRDA:83,13,1,4
BRDA:83,13,2,4
BRDA:90,14,0,0
BRDA:90,14,1,4
BRDA:90,15,0,4
BRDA:90,15,1,4
BRDA:103,16,0,0
BRDA:103,16,1,4
BRDA:112,17,0,0
BRDA:112,17,1,4
BRDA:125,18,0,0
BRDA:125,18,1,4
BRDA:141,19,0,0
BRDA:141,19,1,1
BRDA:148,20,0,1
BRDA:148,20,1,0
BRDA:151,21,0,0
BRDA:151,21,1,4
BRDA:170,22,0,3
BRDA:170,22,1,1
BRDA:170,22,2,0
BRDA:171,23,0,3
BRDA:171,23,1,2
BRDA:171,23,2,1
BRDA:171,23,3,1
BRDA:174,24,0,3
BRDA:174,24,1,1
BRDA:174,24,2,0
BRDA:177,25,0,1
BRDA:177,25,1,2
BRDA:179,26,0,1
BRDA:179,26,1,1
BRDA:181,27,0,0
BRDA:181,27,1,1
BRDA:183,28,0,0
BRDA:183,28,1,1
BRDA:185,29,0,1
BRDA:185,29,1,0
BRDA:195,30,0,10
BRDA:195,30,1,17
BRDA:198,31,0,10
BRDA:198,31,1,0
BRDA:198,32,0,0
BRDA:198,32,1,0
BRDA:208,33,0,17
BRDA:208,33,1,4
BRDA:208,34,0,1
BRDA:208,34,1,3
BRDA:228,35,0,15
BRDA:228,35,1,2
BRDA:228,36,0,15
BRDA:228,36,1,14
BRDA:228,37,0,2
BRDA:228,37,1,1
BRDA:229,38,0,27
BRDA:229,38,1,15
BRDA:230,39,0,27
BRDA:230,39,1,1
BRDA:240,40,0,18
BRDA:240,40,1,17
BRDA:246,41,0,18
BRDA:246,41,1,1
BRDA:246,42,0,18
BRDA:246,42,1,0
BRDA:265,43,0,27
BRDA:265,43,1,13
BRDA:265,44,0,4
BRDA:265,44,1,13
BRF:95
BRH:73
end_of_record
TN:
SF:src/pages/ReturnsClientLoans.jsx
FN:10,(anonymous_0)
FN:23,(anonymous_1)
FN:29,(anonymous_2)
FN:58,(anonymous_3)
FN:62,(anonymous_4)
FN:67,(anonymous_5)
FN:72,(anonymous_6)
FN:101,(anonymous_7)
FN:110,(anonymous_8)
FN:119,(anonymous_9)
FNF:10
FNH:8
FNDA:9,(anonymous_0)
FNDA:5,(anonymous_1)
FNDA:5,(anonymous_2)
FNDA:1,(anonymous_3)
FNDA:0,(anonymous_4)
FNDA:0,(anonymous_5)
FNDA:9,(anonymous_6)
FNDA:9,(anonymous_7)
FNDA:2,(anonymous_8)
FNDA:1,(anonymous_9)
DA:10,1
DA:11,9
DA:12,9
DA:13,9
DA:14,9
DA:17,9
DA:18,9
DA:19,9
DA:21,9
DA:23,9
DA:24,5
DA:25,5
DA:29,9
DA:30,5
DA:31,5
DA:33,5
DA:34,3
DA:36,3
DA:37,5
DA:40,5
DA:41,2
DA:42,2
DA:50,1
DA:51,1
DA:52,1
DA:54,4
DA:58,9
DA:59,1
DA:62,9
DA:63,0
DA:64,0
DA:67,9
DA:68,0
DA:69,0
DA:72,9
DA:74,9
DA:101,9
DA:111,2
DA:119,1
LF:39
LH:35
BRDA:24,0,0,0
BRDA:24,0,1,5
BRDA:36,1,0,3
BRDA:36,1,1,0
BRDA:37,2,0,5
BRDA:37,2,1,1
BRDA:40,3,0,2
BRDA:40,3,1,3
BRDA:72,4,0,7
BRDA:72,4,1,2
BRDA:72,5,0,2
BRDA:72,5,1,0
BRDA:72,6,0,2
BRDA:72,6,1,2
BRDA:72,7,0,0
BRDA:72,7,1,0
BRDA:72,7,2,0
BRDA:89,8,0,9
BRDA:89,8,1,4
BRDA:89,8,2,2
BRDA:101,9,0,5
BRDA:101,9,1,4
BRDA:101,10,0,2
BRDA:101,10,1,2
BRDA:101,11,0,4
BRDA:101,11,1,2
BRDA:126,12,0,2
BRDA:126,12,1,2
BRDA:126,12,2,2
BRF:29
BRH:23
end_of_record
TN:
SF:src/pages/ToolDetail.css
FNF:0
FNH:0
LF:0
LH:0
BRF:0
BRH:0
end_of_record
TN:
SF:src/pages/ToolDetail.jsx
FN:16,(anonymous_0)
FN:39,(anonymous_1)
FN:45,(anonymous_2)
FN:73,(anonymous_3)
FN:98,(anonymous_4)
FN:103,(anonymous_5)
FN:104,(anonymous_6)
FN:121,(anonymous_7)
FN:126,(anonymous_8)
FN:130,(anonymous_9)
FN:138,(anonymous_10)
FN:172,(anonymous_11)
FN:183,(anonymous_12)
FN:192,(anonymous_13)
FN:219,(anonymous_14)
FN:252,(anonymous_15)
FN:257,(anonymous_16)
FN:268,(anonymous_17)
FN:268,(anonymous_18)
FN:269,(anonymous_19)
FN:269,(anonymous_20)
FN:272,(anonymous_21)
FNF:22
FNH:10
FNDA:19,(anonymous_0)
FNDA:18,(anonymous_1)
FNDA:7,(anonymous_2)
FNDA:3,(anonymous_3)
FNDA:7,(anonymous_4)
FNDA:7,(anonymous_5)
FNDA:7,(anonymous_6)
FNDA:4,(anonymous_7)
FNDA:4,(anonymous_8)
FNDA:0,(anonymous_9)
FNDA:0,(anonymous_10)
FNDA:0,(anonymous_11)
FNDA:0,(anonymous_12)
FNDA:0,(anonymous_13)
FNDA:4,(anonymous_14)
FNDA:0,(anonymous_15)
FNDA:0,(anonymous_16)
FNDA:0,(anonymous_17)
FNDA:0,(anonymous_18)
FNDA:0,(anonymous_19)
FNDA:0,(anonymous_20)
FNDA:0,(anonymous_21)
DA:16,1
DA:17,19
DA:19,19
DA:20,19
DA:21,19
DA:22,19
DA:23,19
DA:24,19
DA:25,19
DA:26,19
DA:28,19
DA:29,19
DA:30,19
DA:32,19
DA:33,19
DA:34,18
DA:35,0
DA:36,0
DA:39,18
DA:41,18
DA:42,19
DA:43,19
DA:45,19
DA:46,7
DA:47,6
DA:48,6
DA:50,6
DA:51,4
DA:52,7
DA:54,7
DA:55,1
DA:56,1
DA:57,1
DA:61,3
DA:62,3
DA:63,3
DA:64,3
DA:65,3
DA:66,3
DA:70,3
DA:74,3
DA:75,0
DA:76,0
DA:86,7
DA:87,7
DA:88,7
DA:90,1
DA:91,1
DA:92,1
DA:94,5
DA:98,19
DA:99,7
DA:103,19
DA:104,7
DA:105,7
DA:106,7
DA:107,6
DA:109,0
DA:112,7
DA:115,19
DA:116,19
DA:117,19
DA:118,19
DA:121,19
DA:122,4
DA:123,4
DA:126,4
DA:130,19
DA:131,0
DA:132,0
DA:133,0
DA:135,0
DA:138,0
DA:150,0
DA:151,0
DA:154,19
DA:156,19
DA:173,0
DA:174,0
DA:183,0
DA:193,0
DA:220,4
DA:221,4
DA:222,4
DA:224,4
DA:226,4
DA:252,0
DA:257,0
DA:268,0
DA:269,0
DA:272,0
DA:281,1
LF:92
LH:71
BRDA:33,0,0,18
BRDA:33,0,1,0
BRDA:33,1,0,19
BRDA:33,1,1,18
BRDA:33,1,2,18
BRDA:34,2,0,18
BRDA:34,2,1,0
BRDA:35,3,0,0
BRDA:35,3,1,0
BRDA:35,4,0,0
BRDA:35,4,1,0
BRDA:41,5,0,18
BRDA:41,5,1,18
BRDA:41,5,2,0
BRDA:42,6,0,19
BRDA:42,6,1,18
BRDA:42,6,2,0
BRDA:46,7,0,1
BRDA:46,7,1,6
BRDA:51,8,0,4
BRDA:51,8,1,0
BRDA:52,9,0,7
BRDA:52,9,1,1
BRDA:54,10,0,1
BRDA:54,10,1,6
BRDA:63,11,0,3
BRDA:63,11,1,0
BRDA:64,12,0,3
BRDA:64,12,1,0
BRDA:65,13,0,3
BRDA:65,13,1,0
BRDA:66,14,0,3
BRDA:66,14,1,3
BRDA:72,15,0,3
BRDA:72,15,1,0
BRDA:72,15,2,0
BRDA:74,16,0,3
BRDA:74,16,1,0
BRDA:75,17,0,0
BRDA:75,17,1,0
BRDA:78,18,0,7
BRDA:78,18,1,1
BRDA:78,19,0,1
BRDA:78,19,1,2
BRDA:81,20,0,1
BRDA:81,20,1,2
BRDA:82,21,0,1
BRDA:82,21,1,2
BRDA:83,22,0,1
BRDA:83,22,1,2
BRDA:107,23,0,6
BRDA:107,23,1,0
BRDA:115,24,0,3
BRDA:115,24,1,15
BRDA:115,25,0,19
BRDA:115,25,1,3
BRDA:116,26,0,3
BRDA:116,26,1,15
BRDA:116,27,0,3
BRDA:116,27,1,1
BRDA:117,28,0,1
BRDA:117,28,1,17
BRDA:117,29,0,19
BRDA:117,29,1,3
BRDA:118,30,0,1
BRDA:118,30,1,17
BRDA:122,31,0,0
BRDA:122,31,1,4
BRDA:131,32,0,0
BRDA:131,32,1,0
BRDA:137,33,0,0
BRDA:137,33,1,0
BRDA:137,33,2,0
BRDA:138,34,0,0
BRDA:138,34,1,0
BRDA:138,35,0,0
BRDA:138,35,1,0
BRDA:139,36,0,0
BRDA:139,36,1,0
BRDA:141,37,0,0
BRDA:141,37,1,0
BRDA:145,38,0,0
BRDA:145,38,1,0
BRDA:148,39,0,0
BRDA:148,39,1,0
BRDA:162,40,0,19
BRDA:162,40,1,6
BRDA:163,41,0,19
BRDA:163,41,1,12
BRDA:163,41,2,2
BRDA:165,42,0,19
BRDA:165,42,1,3
BRDA:170,43,0,3
BRDA:170,43,1,2
BRDA:171,44,0,3
BRDA:171,44,1,0
BRDA:196,45,0,3
BRDA:196,45,1,2
BRDA:202,46,0,3
BRDA:202,46,1,1
BRDA:208,47,0,3
BRDA:208,47,1,3
BRDA:222,48,0,4
BRDA:222,48,1,1
BRDA:224,49,0,0
BRDA:224,49,1,4
BRDA:234,50,0,4
BRDA:234,50,1,0
BRDA:235,51,0,4
BRDA:235,51,1,0
BRDA:241,52,0,4
BRDA:241,52,1,1
BRDA:250,53,0,3
BRDA:250,53,1,3
BRF:114
BRH:74
end_of_record
TN:
SF:src/pages/forms.css
FNF:0
FNH:0
LF:0
LH:0
BRF:0
BRH:0
end_of_record
TN:
SF:src/services/http-common.js
FN:20,(anonymous_0)
FN:53,(anonymous_1)
FN:60,(anonymous_2)
FN:61,(anonymous_3)
FN:71,(anonymous_4)
FN:77,(anonymous_5)
FN:94,(anonymous_6)
FN:95,(anonymous_7)
FN:121,(anonymous_8)
FN:124,(anonymous_9)
FN:128,(anonymous_10)
FN:176,(anonymous_11)
FNF:12
FNH:4
FNDA:9,(anonymous_0)
FNDA:1,(anonymous_1)
FNDA:0,(anonymous_2)
FNDA:0,(anonymous_3)
FNDA:0,(anonymous_4)
FNDA:0,(anonymous_5)
FNDA:1,(anonymous_6)
FNDA:5,(anonymous_7)
FNDA:0,(anonymous_8)
FNDA:0,(anonymous_9)
FNDA:0,(anonymous_10)
FNDA:0,(anonymous_11)
DA:5,18
DA:6,18
DA:8,18
DA:12,18
DA:19,18
DA:23,9
DA:24,9
DA:25,9
DA:27,9
DA:28,4
DA:31,5
DA:32,2
DA:33,2
DA:34,1
DA:36,1
DA:43,3
DA:44,3
DA:45,3
DA:46,2
DA:48,0
DA:51,5
DA:53,1
DA:57,18
DA:58,18
DA:60,18
DA:61,0
DA:62,0
DA:63,0
DA:65,0
DA:68,0
DA:71,18
DA:72,0
DA:73,0
DA:74,0
DA:77,18
DA:78,0
DA:79,0
DA:80,0
DA:83,0
DA:84,0
DA:85,0
DA:86,0
DA:87,0
DA:88,0
DA:90,0
DA:93,18
DA:94,1
DA:96,5
DA:99,5
DA:100,2
DA:104,3
DA:105,5
DA:106,2
DA:110,1
DA:111,1
DA:112,1
DA:115,5
DA:116,1
DA:120,0
DA:121,0
DA:122,0
DA:125,0
DA:126,0
DA:128,0
DA:131,0
DA:132,0
DA:134,0
DA:136,0
DA:137,0
DA:138,0
DA:140,0
DA:143,0
DA:144,0
DA:147,0
DA:148,0
DA:151,0
DA:152,0
DA:153,0
DA:154,0
DA:156,0
DA:159,0
DA:160,0
DA:162,0
DA:163,0
DA:164,0
DA:165,0
DA:168,0
DA:175,0
DA:176,0
DA:177,0
DA:181,0
LF:91
LH:39
BRDA:8,0,0,0
BRDA:8,0,1,18
BRDA:8,1,0,18
BRDA:8,1,1,0
BRDA:23,2,0,9
BRDA:23,2,1,0
BRDA:24,3,0,9
BRDA:24,3,1,8
BRDA:25,4,0,9
BRDA:25,4,1,8
BRDA:27,5,0,4
BRDA:27,5,1,5
BRDA:27,6,0,9
BRDA:27,6,1,7
BRDA:31,7,0,2
BRDA:31,7,1,3
BRDA:44,8,0,3
BRDA:44,8,1,0
BRDA:44,9,0,3
BRDA:44,9,1,2
BRDA:45,10,0,2
BRDA:45,10,1,1
BRDA:60,11,0,0
BRDA:62,12,0,0
BRDA:62,12,1,0
BRDA:72,13,0,0
BRDA:72,13,1,0
BRDA:79,14,0,0
BRDA:79,14,1,0
BRDA:85,15,0,0
BRDA:85,15,1,0
BRDA:87,16,0,0
BRDA:87,16,1,0
BRDA:99,17,0,2
BRDA:99,17,1,3
BRDA:99,18,0,5
BRDA:99,18,1,4
BRDA:104,19,0,3
BRDA:104,19,1,0
BRDA:105,20,0,2
BRDA:105,20,1,3
BRDA:105,21,0,5
BRDA:105,21,1,2
BRDA:105,21,2,2
BRDA:115,22,0,1
BRDA:115,22,1,4
BRDA:115,23,0,5
BRDA:115,23,1,1
BRDA:115,23,2,1
BRDA:120,24,0,0
BRDA:120,24,1,0
BRDA:143,25,0,0
BRDA:143,25,1,0
BRDA:147,26,0,0
BRDA:147,26,1,0
BRDA:175,27,0,0
BRDA:175,27,1,0
BRDA:175,28,0,0
BRDA:175,28,1,0
BRF:59
BRH:33
end_of_record
TN:
SF:src/utils/classifyError.js
FN:8,(anonymous_0)
FNF:1
FNH:1
FNDA:15,(anonymous_0)
DA:8,1
DA:9,15
DA:10,12
DA:11,3
DA:13,9
DA:14,15
DA:15,2
DA:17,7
DA:18,2
DA:19,2
DA:21,5
DA:22,1
DA:24,4
DA:25,2
DA:27,2
DA:28,1
LF:16
LH:16
BRDA:8,0,0,15
BRDA:9,1,0,3
BRDA:9,1,1,12
BRDA:10,2,0,3
BRDA:10,2,1,9
BRDA:10,3,0,12
BRDA:10,3,1,11
BRDA:10,3,2,10
BRDA:14,4,0,2
BRDA:14,4,1,13
BRDA:14,5,0,15
BRDA:14,5,1,8
BRDA:17,6,0,2
BRDA:17,6,1,5
BRDA:19,7,0,1
BRDA:19,7,1,1
BRDA:21,8,0,1
BRDA:21,8,1,4
BRDA:24,9,0,2
BRDA:24,9,1,2
BRDA:27,10,0,1
BRDA:27,10,1,1
BRF:22
BRH:22
end_of_record
TN:
SF:src/utils/numericInput.js
FN:9,(anonymous_0)
FN:11,(anonymous_1)
FNF:2
FNH:2
FNDA:8,(anonymous_0)
FNDA:2,(anonymous_1)
DA:9,1
DA:10,8
DA:11,3
DA:13,5
LF:4
LH:4
BRDA:10,0,0,3
BRDA:10,0,1,5
BRDA:10,1,0,8
BRDA:10,1,1,7
BRF:4
BRH:4
end_of_record
TN:
SF:src/utils/validation.js
FN:14,(anonymous_0)
FN:59,(anonymous_1)
FN:106,(anonymous_2)
FN:146,(anonymous_3)
FN:174,(anonymous_4)
FN:201,(anonymous_5)
FNF:6
FNH:6
FNDA:12,(anonymous_0)
FNDA:8,(anonymous_1)
FNDA:8,(anonymous_2)
FNDA:5,(anonymous_3)
FNDA:26,(anonymous_4)
FNDA:4,(anonymous_5)
DA:14,2
DA:15,12
DA:16,4
DA:19,8
DA:21,8
DA:22,1
DA:26,7
DA:28,7
DA:29,2
DA:36,5
DA:37,1
DA:40,4
DA:42,4
DA:43,1
DA:46,3
DA:47,1
DA:50,2
DA:59,2
DA:60,8
DA:61,2
DA:64,6
DA:65,2
DA:72,4
DA:73,1
DA:81,3
DA:82,3
DA:83,3
DA:85,3
DA:86,2
DA:93,1
DA:106,2
DA:107,8
DA:108,2
DA:111,6
DA:113,6
DA:114,1
DA:120,5
DA:121,1
DA:128,4
DA:129,2
DA:135,2
DA:146,2
DA:147,5
DA:149,1
DA:150,1
DA:156,1
DA:158,1
DA:160,1
DA:162,1
DA:174,2
DA:175,26
DA:177,23
DA:179,23
DA:181,23
DA:182,1
DA:185,22
DA:186,22
DA:187,22
DA:189,22
DA:190,0
DA:201,2
DA:202,4
DA:204,2
DA:205,2
DA:207,2
DA:208,1
DA:211,1
DA:212,1
DA:213,1
DA:214,1
DA:215,1
DA:217,1
DA:218,0
LF:73
LH:71
BRDA:15,0,0,4
BRDA:15,0,1,8
BRDA:15,1,0,12
BRDA:15,1,1,9
BRDA:21,2,0,1
BRDA:21,2,1,7
BRDA:28,3,0,2
BRDA:28,3,1,5
BRDA:36,4,0,1
BRDA:36,4,1,4
BRDA:42,5,0,1
BRDA:42,5,1,3
BRDA:46,6,0,1
BRDA:46,6,1,2
BRDA:60,7,0,2
BRDA:60,7,1,6
BRDA:64,8,0,2
BRDA:64,8,1,4
BRDA:72,9,0,1
BRDA:72,9,1,3
BRDA:85,10,0,2
BRDA:85,10,1,1
BRDA:85,11,0,3
BRDA:85,11,1,3
BRDA:85,11,2,2
BRDA:85,11,3,2
BRDA:107,12,0,2
BRDA:107,12,1,6
BRDA:107,13,0,8
BRDA:107,13,1,6
BRDA:113,14,0,1
BRDA:113,14,1,5
BRDA:120,15,0,1
BRDA:120,15,1,4
BRDA:128,16,0,2
BRDA:128,16,1,2
BRDA:147,17,0,1
BRDA:147,17,1,1
BRDA:147,17,2,1
BRDA:147,17,3,1
BRDA:147,17,4,1
BRDA:152,18,0,1
BRDA:152,18,1,0
BRDA:175,19,0,3
BRDA:175,19,1,23
BRDA:181,20,0,1
BRDA:181,20,1,22
BRDA:202,21,0,2
BRDA:202,21,1,2
BRDA:207,22,0,1
BRDA:207,22,1,1
BRF:51
BRH:50
end_of_record
